<?xml version="1.0" encoding="UTF-8"?>
<!-- Generated by org.testng.reporters.JUnitXMLReporter -->
<testsuite ignored="0" hostname="DESKTOP-JHMLI0H" failures="0" tests="9" name="Test" time="0.248" errors="0" timestamp="2023-07-06T19:11:01 IST">
  <testcase classname="com.actitime.create.CreateCustomer" name="CustomerCreate" time="0.022"/>
  <testcase classname="com.actitime.create.CreateCustomer" name="deleteCustomer" time="0.006"/>
  <testcase classname="com.actitime.create.CreateCustomer" name="modifyCustomer" time="0.006"/>
  <testcase classname="com.actitime.create.CreateTask" name="deleteTask" time="0.013"/>
  <testcase classname="com.actitime.create.CreateTask" name="modifyTask" time="0.008"/>
  <testcase classname="com.actitime.create.CreateTask" name="taskCreate" time="0.004"/>
  <testcase classname="com.actitime.create.CreateProject" name="deleteProject" time="0.004"/>
  <testcase classname="com.actitime.create.CreateProject" name="modifyProject" time="0.003"/>
  <testcase classname="com.actitime.create.CreateProject" name="projectCreate" time="0.001"/>
</testsuite> <!-- Test -->
