<?xml version="1.0" encoding="UTF-8"?>
<!-- Generated by org.testng.reporters.JUnitXMLReporter -->
<testsuite ignored="0" hostname="DESKTOP-JHMLI0H" failures="0" tests="3" name="Default test" time="13.968" errors="0" timestamp="2023-07-15T16:20:35 IST">
  <testcase classname="dropdowns.GetFirstLastMethod" name="allselected" time="0.708"/>
  <testcase classname="dropdowns.GetFirstLastMethod" name="first" time="0.18"/>
  <testcase classname="dropdowns.GetFirstLastMethod" name="wrap" time="0.084"/>
</testsuite> <!-- Default test -->
