<?xml version="1.0" encoding="UTF-8"?>
<testng-results ignored="0" total="3" passed="3" failed="0" skipped="0">
  <reporter-output>
    <line>
      <![CDATA[Volvo]]>
    </line>
    <line>
      <![CDATA[Swift]]>
    </line>
    <line>
      <![CDATA[Older Newsletters]]>
    </line>
    <line>
      <![CDATA[Volvo
Swift
Hyundai
Audi]]>
    </line>
  </reporter-output>
  <suite started-at="2023-07-15T16:20:21 IST" name="Default suite" finished-at="2023-07-15T16:20:35 IST" duration-ms="13968">
    <groups>
    </groups>
    <test started-at="2023-07-15T16:20:21 IST" name="Default test" finished-at="2023-07-15T16:20:35 IST" duration-ms="13968">
      <class name="dropdowns.GetFirstLastMethod">
        <test-method is-config="true" signature="openBrowser()[pri:0, instance:dropdowns.GetFirstLastMethod@1b11171f]" started-at="2023-07-15T16:20:21 IST" name="openBrowser" finished-at="2023-07-15T16:20:33 IST" duration-ms="12130" status="PASS">
          <reporter-output>
          </reporter-output>
        </test-method> <!-- openBrowser -->
        <test-method signature="allselected()[pri:0, instance:dropdowns.GetFirstLastMethod@1b11171f]" started-at="2023-07-15T16:20:33 IST" name="allselected" finished-at="2023-07-15T16:20:33 IST" duration-ms="708" status="PASS">
          <reporter-output>
            <line>
              <![CDATA[Volvo]]>
            </line>
            <line>
              <![CDATA[Swift]]>
            </line>
          </reporter-output>
        </test-method> <!-- allselected -->
        <test-method signature="first()[pri:0, instance:dropdowns.GetFirstLastMethod@1b11171f]" started-at="2023-07-15T16:20:33 IST" name="first" finished-at="2023-07-15T16:20:34 IST" duration-ms="180" status="PASS">
          <reporter-output>
            <line>
              <![CDATA[Older Newsletters]]>
            </line>
          </reporter-output>
        </test-method> <!-- first -->
        <test-method signature="wrap()[pri:0, instance:dropdowns.GetFirstLastMethod@1b11171f]" started-at="2023-07-15T16:20:34 IST" name="wrap" finished-at="2023-07-15T16:20:34 IST" duration-ms="84" status="PASS">
          <reporter-output>
            <line>
              <![CDATA[Volvo
Swift
Hyundai
Audi]]>
            </line>
          </reporter-output>
        </test-method> <!-- wrap -->
        <test-method is-config="true" signature="closeBrowser()[pri:0, instance:dropdowns.GetFirstLastMethod@1b11171f]" started-at="2023-07-15T16:20:34 IST" name="closeBrowser" finished-at="2023-07-15T16:20:35 IST" duration-ms="745" status="PASS">
          <reporter-output>
          </reporter-output>
        </test-method> <!-- closeBrowser -->
      </class> <!-- dropdowns.GetFirstLastMethod -->
    </test> <!-- Default test -->
  </suite> <!-- Default suite -->
</testng-results>
