<?xml version="1.0" encoding="UTF-8"?>
<testng-results ignored="0" total="1" passed="1" failed="0" skipped="0">
  <reporter-output>
  </reporter-output>
  <suite started-at="2023-06-15T12:28:53 IST" name="Default suite" finished-at="2023-06-15T12:29:18 IST" duration-ms="25726">
    <groups>
    </groups>
    <test started-at="2023-06-15T12:28:53 IST" name="Default test" finished-at="2023-06-15T12:29:18 IST" duration-ms="25726">
      <class name="webdriver.Demo">
        <test-method signature="dropDownSelectTest()[pri:0, instance:webdriver.Demo@5bcde458]" started-at="2023-06-15T12:28:53 IST" name="dropDownSelectTest" finished-at="2023-06-15T12:29:18 IST" duration-ms="25647" status="PASS">
          <reporter-output>
          </reporter-output>
        </test-method> <!-- dropDownSelectTest -->
      </class> <!-- webdriver.Demo -->
    </test> <!-- Default test -->
  </suite> <!-- Default suite -->
</testng-results>
